<?xml version="1.0" encoding="UTF-8"?>
<!-- Generated by org.testng.reporters.JUnitXMLReporter -->
<testsuite ignored="0" hostname="DESKTOP-75G1BKT" failures="0" tests="1" name="Default test" time="0.126" errors="0" timestamp="2024-12-13T11:19:26 IST">
  <testcase classname="test.TC_001_RegisterTest" name="@BeforeTest data" time="0.026">
    <failure type="java.io.FileNotFoundException" message="D:\Apps and software\JavaProjects\DemoHotelAppMiniProject\src\test\resources\Data\HotelTestData .properties (The system cannot find the file specified)">
      <![CDATA[java.io.FileNotFoundException: D:\Apps and software\JavaProjects\DemoHotelAppMiniProject\src\test\resources\Data\HotelTestData .properties (The system cannot find the file specified)
at java.base/java.io.FileInputStream.open0(Native Method)
at java.base/java.io.FileInputStream.open(FileInputStream.java:219)
at java.base/java.io.FileInputStream.<init>(FileInputStream.java:159)
at java.base/java.io.FileInputStream.<init>(FileInputStream.java:112)
at java.base/java.io.FileReader.<init>(FileReader.java:60)
at util.Utility.readFromPropFile(Utility.java:51)
at test.TC_001_RegisterTest.data(TC_001_RegisterTest.java:15)
at java.base/jdk.internal.reflect.DirectMethodHandleAccessor.invoke(DirectMethodHandleAccessor.java:103)
at java.base/java.lang.reflect.Method.invoke(Method.java:580)
at org.testng.internal.invokers.MethodInvocationHelper.invokeMethod(MethodInvocationHelper.java:141)
at org.testng.internal.invokers.MethodInvocationHelper.invokeMethodConsideringTimeout(MethodInvocationHelper.java:71)
at org.testng.internal.invokers.ConfigInvoker.invokeConfigurationMethod(ConfigInvoker.java:400)
at org.testng.internal.invokers.ConfigInvoker.invokeConfigurations(ConfigInvoker.java:333)
at org.testng.TestRunner.invokeTestConfigurations(TestRunner.java:655)
at org.testng.TestRunner.beforeRun(TestRunner.java:644)
at org.testng.TestRunner.run(TestRunner.java:610)
at org.testng.SuiteRunner.runTest(SuiteRunner.java:421)
at org.testng.SuiteRunner.runSequentially(SuiteRunner.java:413)
at org.testng.SuiteRunner.privateRun(SuiteRunner.java:373)
at org.testng.SuiteRunner.run(SuiteRunner.java:312)
at org.testng.SuiteRunnerWorker.runSuite(SuiteRunnerWorker.java:52)
at org.testng.SuiteRunnerWorker.run(SuiteRunnerWorker.java:95)
at org.testng.TestNG.runSuitesSequentially(TestNG.java:1274)
at org.testng.TestNG.runSuitesLocally(TestNG.java:1208)
at org.testng.TestNG.runSuites(TestNG.java:1112)
at org.testng.TestNG.run(TestNG.java:1079)
at org.testng.remote.AbstractRemoteTestNG.run(AbstractRemoteTestNG.java:115)
at org.testng.remote.RemoteTestNG.initAndRun(RemoteTestNG.java:293)
at org.testng.remote.RemoteTestNG.main(RemoteTestNG.java:91)
]]>
    </failure>
  </testcase> <!-- @BeforeTest data -->
  <testcase classname="base.ProjectSpecificationMethod" name="@BeforeMethod launchLoadUrl" time="0.0">
    <skipped/>
  </testcase> <!-- @BeforeMethod launchLoadUrl -->
  <testcase classname="base.ProjectSpecificationMethod" name="@AfterMethod closeLauncher" time="0.0">
    <skipped/>
  </testcase> <!-- @AfterMethod closeLauncher -->
  <testcase classname="test.TC_001_RegisterTest" name="LoginTest" time="0.0">
    <skipped/>
  </testcase> <!-- LoginTest -->
</testsuite> <!-- Default test -->
